<?xml version="1.0" encoding="UTF-8"?>
<!-- Generated by org.testng.reporters.JUnitReportReporter -->
<testsuite hostname="Choudhary-Harsh" failures="0" tests="12" name="tests.BlazeDemoE2ETest" time="10.456" errors="0" timestamp="2026-06-11T13:33:03 IST" skipped="0">
  <testcase classname="tests.BlazeDemoE2ETest" name="testFlightSearch" time="0.973"/>
  <testcase classname="tests.BlazeDemoE2ETest" name="testFlightSearch" time="1.023"/>
  <testcase classname="tests.BlazeDemoE2ETest" name="testFlightSearch" time="0.667"/>
  <testcase classname="tests.BlazeDemoE2ETest" name="testSelectCheapestFlight" time="1.063"/>
  <testcase classname="tests.BlazeDemoE2ETest" name="testSelectCheapestFlight" time="0.889"/>
  <testcase classname="tests.BlazeDemoE2ETest" name="testSelectCheapestFlight" time="0.806"/>
  <testcase classname="tests.BlazeDemoE2ETest" name="testPurchaseFlight" time="1.341"/>
  <testcase classname="tests.BlazeDemoE2ETest" name="testPurchaseFlight" time="1.839"/>
  <testcase classname="tests.BlazeDemoE2ETest" name="testPurchaseFlight" time="1.611"/>
  <testcase classname="tests.BlazeDemoE2ETest" name="testVerifyBookingConfirmation" time="0.081"/>
  <testcase classname="tests.BlazeDemoE2ETest" name="testVerifyBookingConfirmation" time="0.081"/>
  <testcase classname="tests.BlazeDemoE2ETest" name="testVerifyBookingConfirmation" time="0.082"/>
</testsuite> <!-- tests.BlazeDemoE2ETest -->
