<?xml version="1.0" encoding="UTF-8"?>
<!-- Generated by org.testng.reporters.JUnitReportReporter -->
<testsuite hostname="Choudhary-Harsh" failures="0" tests="12" name="tests.BlazeDemoE2ETest" time="8.744" errors="0" timestamp="2026-06-14T17:00:20 IST" skipped="0">
  <testcase classname="tests.BlazeDemoE2ETest" name="testFlightSearch" time="0.677"/>
  <testcase classname="tests.BlazeDemoE2ETest" name="testFlightSearch" time="0.780"/>
  <testcase classname="tests.BlazeDemoE2ETest" name="testFlightSearch" time="0.698"/>
  <testcase classname="tests.BlazeDemoE2ETest" name="testSelectCheapestFlight" time="0.678"/>
  <testcase classname="tests.BlazeDemoE2ETest" name="testSelectCheapestFlight" time="0.721"/>
  <testcase classname="tests.BlazeDemoE2ETest" name="testSelectCheapestFlight" time="0.753"/>
  <testcase classname="tests.BlazeDemoE2ETest" name="testPurchaseFlight" time="1.440"/>
  <testcase classname="tests.BlazeDemoE2ETest" name="testPurchaseFlight" time="1.381"/>
  <testcase classname="tests.BlazeDemoE2ETest" name="testPurchaseFlight" time="1.362"/>
  <testcase classname="tests.BlazeDemoE2ETest" name="testVerifyBookingConfirmation" time="0.074"/>
  <testcase classname="tests.BlazeDemoE2ETest" name="testVerifyBookingConfirmation" time="0.079"/>
  <testcase classname="tests.BlazeDemoE2ETest" name="testVerifyBookingConfirmation" time="0.101"/>
</testsuite> <!-- tests.BlazeDemoE2ETest -->
